<?xml version="1.0" encoding="UTF-8"?>
<!-- Generated by org.testng.reporters.JUnitReportReporter -->
<testsuite hostname="LAPTOP-1N3TH4EI" failures="0" tests="2" name="selenium.WindowHandling" time="46.666" errors="0" timestamp="2024-02-27T13:20:26 IST" skipped="0">
  <testcase classname="selenium.WindowHandling" name="HandlingTheWindow" time="29.327"/>
  <testcase classname="selenium.WindowHandling" name="windowHandlingViaName" time="17.339"/>
</testsuite> <!-- selenium.WindowHandling -->
